Build started 5/27/2018 12:35:10 PM.
     1>Project "E:\nam4\HK2\DA_CSNM\HeDieuHanh\DiskInformation\DiskInformation\DiskInformation.vcxproj" on node 2 (build target(s)).
     1>InitializeBuildStatus:
         Creating "Debug\DiskInformation.unsuccessfulbuild" because "AlwaysCreate" was specified.
       ClCompile:
         All outputs are up-to-date.
         C:\Program Files (x86)\Microsoft Visual Studio 10.0\VC\bin\CL.exe /c /ZI /nologo /W3 /WX- /Od /Oy- /D WIN32 /D _DEBUG /D _CONSOLE /D _UNICODE /D UNICODE /Gm /EHsc /RTC1 /MDd /GS /fp:precise /Zc:wchar_t /Zc:forScope /Yu"StdAfx.h" /Fp"Debug\DiskInformation.pch" /Fo"Debug\\" /Fd"Debug\vc100.pdb" /Gd /TP /analyze- /errorReport:prompt DiskInformation.cpp
         DiskInformation.cpp
     1>e:\nam4\hk2\da_csnm\hedieuhanh\diskinformation\diskinformation\diskinformation.cpp(57): warning C4996: 'getch': The POSIX name for this item is deprecated. Instead, use the ISO C++ conformant name: _getch. See online help for details.
                 c:\program files (x86)\microsoft visual studio 10.0\vc\include\conio.h(128) : see declaration of 'getch'
       ManifestResourceCompile:
         All outputs are up-to-date.
       Link:
         C:\Program Files (x86)\Microsoft Visual Studio 10.0\VC\bin\link.exe /ERRORREPORT:PROMPT /OUT:"E:\nam4\HK2\DA_CSNM\HeDieuHanh\DiskInformation\Debug\DiskInformation.exe" /INCREMENTAL /NOLOGO kernel32.lib user32.lib gdi32.lib winspool.lib comdlg32.lib advapi32.lib shell32.lib ole32.lib oleaut32.lib uuid.lib odbc32.lib odbccp32.lib /MANIFEST /ManifestFile:"Debug\DiskInformation.exe.intermediate.manifest" /MANIFESTUAC:"level='asInvoker' uiAccess='false'" /DEBUG /PDB:"E:\nam4\HK2\DA_CSNM\HeDieuHanh\DiskInformation\Debug\DiskInformation.pdb" /SUBSYSTEM:CONSOLE /TLBID:1 /DYNAMICBASE /NXCOMPAT /IMPLIB:"E:\nam4\HK2\DA_CSNM\HeDieuHanh\DiskInformation\Debug\DiskInformation.lib" /MACHINE:X86 Debug\DiskInformation.exe.embed.manifest.res
         Debug\DiskInfo.obj
         Debug\DiskInformation.obj
         Debug\stdafx.obj
       Manifest:
         C:\Program Files (x86)\Microsoft SDKs\Windows\v7.0A\bin\mt.exe /nologo /verbose /out:"Debug\DiskInformation.exe.embed.manifest" /manifest Debug\DiskInformation.exe.intermediate.manifest
         All outputs are up-to-date.
       LinkEmbedManifest:
         All outputs are up-to-date.
         DiskInformation.vcxproj -> E:\nam4\HK2\DA_CSNM\HeDieuHanh\DiskInformation\Debug\DiskInformation.exe
       FinalizeBuildStatus:
         Deleting file "Debug\DiskInformation.unsuccessfulbuild".
         Touching "Debug\DiskInformation.lastbuildstate".
     1>Done Building Project "E:\nam4\HK2\DA_CSNM\HeDieuHanh\DiskInformation\DiskInformation\DiskInformation.vcxproj" (build target(s)).

Build succeeded.

Time Elapsed 00:00:01.47
